Build started 3/24/2017 12:05:30 AM.
     1>Project "C:\Users\Jace\Documents\My Text Files\College Work\DirectX\DirectX_TP\source\StarWars\StarWars.vcxproj" on node 2 (Build target(s)).
     1>InitializeBuildStatus:
         Creating "Release\StarWars.tlog\unsuccessfulbuild" because "AlwaysCreate" was specified.
       PreBuildEvent:
         mkdir "C:\Users\Jace\Documents\My Text Files\College Work\DirectX\DirectX_TP\build\Release\Content"
         IF EXIST "C:\Users\Jace\Documents\My Text Files\College Work\DirectX\DirectX_TP\build\..\content" xcopy /E /Y "C:\Users\Jace\Documents\My Text Files\College Work\DirectX\DirectX_TP\build\..\content" "C:\Users\Jace\Documents\My Text Files\College Work\DirectX\DirectX_TP\build\Release\Content\"
         IF EXIST "C:\Users\Jace\Documents\My Text Files\College Work\DirectX\DirectX_TP\source\StarWars\..\content" xcopy /E /Y "C:\Users\Jace\Documents\My Text Files\College Work\DirectX\DirectX_TP\source\StarWars\Content" "C:\Users\Jace\Documents\My Text Files\College Work\DirectX\DirectX_TP\build\Release\Content\"
         :VCEnd
         A subdirectory or file C:\Users\Jace\Documents\My Text Files\College Work\DirectX\DirectX_TP\build\Release\Content already exists.
         C:\Users\Jace\Documents\My Text Files\College Work\DirectX\DirectX_TP\build\..\content\Effects\BasicEffect.cso
         C:\Users\Jace\Documents\My Text Files\College Work\DirectX\DirectX_TP\build\..\content\Effects\BasicEffect.fx
         C:\Users\Jace\Documents\My Text Files\College Work\DirectX\DirectX_TP\build\..\content\Effects\Skybox.cso
         C:\Users\Jace\Documents\My Text Files\College Work\DirectX\DirectX_TP\build\..\content\Effects\Skybox.fx
         C:\Users\Jace\Documents\My Text Files\College Work\DirectX\DirectX_TP\build\..\content\Fonts\Arial_14_Regular.spritefont
         C:\Users\Jace\Documents\My Text Files\College Work\DirectX\DirectX_TP\build\..\content\Models\Sphere.mtl
         C:\Users\Jace\Documents\My Text Files\College Work\DirectX\DirectX_TP\build\..\content\Models\Sphere.obj
         7 File(s) copied
       ClCompile:
         C:\Program Files (x86)\Microsoft Visual Studio 14.0\VC\bin\CL.exe /c /I"C:\Users\Jace\Documents\My Text Files\College Work\DirectX\DirectX_TP\build\..\source\DirectXMath-master\inc\\" /I"C:\Program Files (x86)\Windows Kits\10\Include\10.0.14393.0\um" /I"C:\Program Files (x86)\Windows Kits\10\Include\10.0.14393.0\shared" /I"C:\Program Files (x86)\Windows Kits\10\Include\10.0.14393.0\winrt" /IInclude\um /I"C:\Users\Jace\Documents\My Text Files\College Work\DirectX\DirectX_TP\build\..\source\Library" /I"C:\Users\Jace\Documents\My Text Files\College Work\DirectX\DirectX_TP\build\..\source\DirectXTK-master" /I"C:\Users\Jace\Documents\My Text Files\College Work\DirectX\DirectX_TP\build\..\source\FX11-master" /I"C:\Users\Jace\Documents\My Text Files\College Work\DirectX\DirectX_TP\build\..\source\assimp\\" /I"C:\Users\Jace\Documents\My Text Files\College Work\DirectX\DirectX_TP\build\..\source\assimp\bin\assimp_release-dll_win32" /Zi /nologo /W3 /WX- /O2 /Oi /Oy- /GL /D WIN32 /D NDEBUG /D _WINDOWS /D _UNICODE /D UNICODE /Gm- /EHsc /MD /GS /Gy /fp:precise /Zc:wchar_t /Zc:forScope /Zc:inline /GR- /Fo"Release\\" /Fd"Release\vc140.pdb" /Gd /TP /analyze- /errorReport:prompt StarWars.cpp
         StarWars.cpp
         C:\Program Files (x86)\Windows Kits\10\Include\10.0.14393.0\um\dinput.h: DIRECTINPUT_VERSION undefined. Defaulting to version 0x0800
       Link:
         C:\Program Files (x86)\Microsoft Visual Studio 14.0\VC\bin\link.exe /ERRORREPORT:PROMPT /OUT:"C:\Users\Jace\Documents\My Text Files\College Work\DirectX\DirectX_TP\build\Release\StarWars.exe" /INCREMENTAL:NO /NOLOGO /LIBPATH:"C:\Program Files (x86)\Windows Kits\10\lib\10.0.14393.0\um\x86" /LIBPATH:lib\um\x86 /LIBPATH:"C:\Users\Jace\Documents\My Text Files\College Work\DirectX\DirectX_TP\build\..\lib" /LIBPATH:"C:\Users\Jace\Documents\My Text Files\College Work\DirectX\DirectX_TP\build\..\source\DirectXTK-master\lib\x86\\" /LIBPATH:"C:\Users\Jace\Documents\My Text Files\College Work\DirectX\DirectX_TP\build\..\source\FX11-master\lib\x86\\" /LIBPATH:"C:\Users\Jace\Documents\My Text Files\College Work\DirectX\DirectX_TP\build\..\source\assimp\lib\assimp_release-dll_win32\\" d3d11.lib DirectXTK.lib d3dcompiler.lib Effects11.lib dinput8.lib dxguid.lib Shlwapi.lib assimp.lib Library.lib kernel32.lib user32.lib gdi32.lib winspool.lib comdlg32.lib advapi32.lib shell32.lib ole32.lib oleaut32.lib uuid.lib odbc32.lib odbccp32.lib /MANIFEST /MANIFESTUAC:"level='asInvoker' uiAccess='false'" /manifest:embed /DEBUG /PDB:"C:\Users\Jace\Documents\My Text Files\College Work\DirectX\DirectX_TP\build\Release\StarWars.pdb" /SUBSYSTEM:WINDOWS /OPT:REF /OPT:ICF /LTCG:incremental /TLBID:1 /DYNAMICBASE /NXCOMPAT /IMPLIB:"C:\Users\Jace\Documents\My Text Files\College Work\DirectX\DirectX_TP\build\Release\StarWars.lib" /MACHINE:X86 /SAFESEH Release\StarWars.obj
         Release\Program.obj
         Release\RenderingGame.obj
         Generating code
         4 of 1727 functions ( 0.2%) were compiled, the rest were copied from previous compilation.
           0 functions were new in current compilation
           30 functions had inline decision re-evaluated but remain unchanged
         Finished generating code
     1>Effects11.lib(d3dxGlobal.obj) : warning LNK4099: PDB 'Effects11.pdb' was not found with 'Effects11.lib(d3dxGlobal.obj)' or at 'C:\Users\Jace\Documents\My Text Files\College Work\DirectX\DirectX_TP\build\Release\Effects11.pdb'; linking object as if no debug info
     1>Effects11.lib(EffectAPI.obj) : warning LNK4099: PDB 'Effects11.pdb' was not found with 'Effects11.lib(EffectAPI.obj)' or at 'C:\Users\Jace\Documents\My Text Files\College Work\DirectX\DirectX_TP\build\Release\Effects11.pdb'; linking object as if no debug info
     1>Effects11.lib(EffectLoad.obj) : warning LNK4099: PDB 'Effects11.pdb' was not found with 'Effects11.lib(EffectLoad.obj)' or at 'C:\Users\Jace\Documents\My Text Files\College Work\DirectX\DirectX_TP\build\Release\Effects11.pdb'; linking object as if no debug info
     1>Effects11.lib(EffectNonRuntime.obj) : warning LNK4099: PDB 'Effects11.pdb' was not found with 'Effects11.lib(EffectNonRuntime.obj)' or at 'C:\Users\Jace\Documents\My Text Files\College Work\DirectX\DirectX_TP\build\Release\Effects11.pdb'; linking object as if no debug info
     1>Effects11.lib(EffectReflection.obj) : warning LNK4099: PDB 'Effects11.pdb' was not found with 'Effects11.lib(EffectReflection.obj)' or at 'C:\Users\Jace\Documents\My Text Files\College Work\DirectX\DirectX_TP\build\Release\Effects11.pdb'; linking object as if no debug info
     1>Effects11.lib(EffectRuntime.obj) : warning LNK4099: PDB 'Effects11.pdb' was not found with 'Effects11.lib(EffectRuntime.obj)' or at 'C:\Users\Jace\Documents\My Text Files\College Work\DirectX\DirectX_TP\build\Release\Effects11.pdb'; linking object as if no debug info
         StarWars.vcxproj -> C:\Users\Jace\Documents\My Text Files\College Work\DirectX\DirectX_TP\build\Release\StarWars.exe
         StarWars.vcxproj -> C:\Users\Jace\Documents\My Text Files\College Work\DirectX\DirectX_TP\build\Release\StarWars.pdb (Full PDB)
       FinalizeBuildStatus:
         Deleting file "Release\StarWars.tlog\unsuccessfulbuild".
         Touching "Release\StarWars.tlog\StarWars.lastbuildstate".
     1>Done Building Project "C:\Users\Jace\Documents\My Text Files\College Work\DirectX\DirectX_TP\source\StarWars\StarWars.vcxproj" (Build target(s)).

Build succeeded.

Time Elapsed 00:00:05.31
