c:\users\jace\documents\my text files\college work\directx\chapter14\source\library\release\library.pdb
c:\users\jace\documents\my text files\college work\directx\chapter14\source\library\release\vectorhelper.obj
c:\users\jace\documents\my text files\college work\directx\chapter14\source\library\release\utility.obj
c:\users\jace\documents\my text files\college work\directx\chapter14\source\library\release\servicecontainer.obj
c:\users\jace\documents\my text files\college work\directx\chapter14\source\library\release\renderstatehelper.obj
c:\users\jace\documents\my text files\college work\directx\chapter14\source\library\release\mouse.obj
c:\users\jace\documents\my text files\college work\directx\chapter14\source\library\release\matrixhelper.obj
c:\users\jace\documents\my text files\college work\directx\chapter14\source\library\release\keyboard.obj
c:\users\jace\documents\my text files\college work\directx\chapter14\source\library\release\gametime.obj
c:\users\jace\documents\my text files\college work\directx\chapter14\source\library\release\gameexception.obj
c:\users\jace\documents\my text files\college work\directx\chapter14\source\library\release\gamecomponent.obj
c:\users\jace\documents\my text files\college work\directx\chapter14\source\library\release\gameclock.obj
c:\users\jace\documents\my text files\college work\directx\chapter14\source\library\release\game.obj
c:\users\jace\documents\my text files\college work\directx\chapter14\source\library\release\fpscomponent.obj
c:\users\jace\documents\my text files\college work\directx\chapter14\source\library\release\firstpersoncamera.obj
c:\users\jace\documents\my text files\college work\directx\chapter14\source\library\release\drawablegamecomponent.obj
c:\users\jace\documents\my text files\college work\directx\chapter14\source\library\release\colorhelper.obj
c:\users\jace\documents\my text files\college work\directx\chapter14\source\library\release\camera.obj
c:\users\jace\documents\my text files\college work\directx\chapter14\build\release\content\effects\basiceffect.cso
c:\users\jace\documents\my text files\college work\directx\chapter14\build\release\library.lib
c:\users\jace\documents\my text files\college work\directx\chapter14\source\library\release\library.tlog\cl.command.1.tlog
c:\users\jace\documents\my text files\college work\directx\chapter14\source\library\release\library.tlog\cl.read.1.tlog
c:\users\jace\documents\my text files\college work\directx\chapter14\source\library\release\library.tlog\cl.write.1.tlog
c:\users\jace\documents\my text files\college work\directx\chapter14\source\library\release\library.tlog\fxc.command.1.tlog
c:\users\jace\documents\my text files\college work\directx\chapter14\source\library\release\library.tlog\fxc.read.1.tlog
c:\users\jace\documents\my text files\college work\directx\chapter14\source\library\release\library.tlog\fxc.write.1.tlog
c:\users\jace\documents\my text files\college work\directx\chapter14\source\library\release\library.tlog\lib-link.read.1.tlog
c:\users\jace\documents\my text files\college work\directx\chapter14\source\library\release\library.tlog\lib-link.write.1.tlog
c:\users\jace\documents\my text files\college work\directx\chapter14\source\library\release\library.tlog\lib.command.1.tlog
c:\users\jace\documents\my text files\college work\directx\chapter14\source\library\release\library.tlog\library.write.1u.tlog
