c:\users\jace\documents\my text files\college work\directx\chapter14\source\library\debug\library.pdb
c:\users\jace\documents\my text files\college work\directx\chapter14\source\library\debug\library.idb
c:\users\jace\documents\my text files\college work\directx\chapter14\source\library\debug\camera.obj
c:\users\jace\documents\my text files\college work\directx\chapter14\source\library\debug\colorhelper.obj
c:\users\jace\documents\my text files\college work\directx\chapter14\source\library\debug\drawablegamecomponent.obj
c:\users\jace\documents\my text files\college work\directx\chapter14\source\library\debug\firstpersoncamera.obj
c:\users\jace\documents\my text files\college work\directx\chapter14\source\library\debug\fpscomponent.obj
c:\users\jace\documents\my text files\college work\directx\chapter14\source\library\debug\game.obj
c:\users\jace\documents\my text files\college work\directx\chapter14\source\library\debug\gameclock.obj
c:\users\jace\documents\my text files\college work\directx\chapter14\source\library\debug\gamecomponent.obj
c:\users\jace\documents\my text files\college work\directx\chapter14\source\library\debug\gameexception.obj
c:\users\jace\documents\my text files\college work\directx\chapter14\source\library\debug\gametime.obj
c:\users\jace\documents\my text files\college work\directx\chapter14\source\library\debug\keyboard.obj
c:\users\jace\documents\my text files\college work\directx\chapter14\source\library\debug\matrixhelper.obj
c:\users\jace\documents\my text files\college work\directx\chapter14\source\library\debug\mouse.obj
c:\users\jace\documents\my text files\college work\directx\chapter14\source\library\debug\renderstatehelper.obj
c:\users\jace\documents\my text files\college work\directx\chapter14\source\library\debug\servicecontainer.obj
c:\users\jace\documents\my text files\college work\directx\chapter14\source\library\debug\utility.obj
c:\users\jace\documents\my text files\college work\directx\chapter14\source\library\debug\vectorhelper.obj
c:\users\jace\documents\my text files\college work\directx\chapter14\build\debug\content\effects\basiceffect.cso
c:\users\jace\documents\my text files\college work\directx\chapter14\build\debug\libraryd.lib
c:\users\jace\documents\my text files\college work\directx\chapter14\source\library\debug\library.tlog\cl.command.1.tlog
c:\users\jace\documents\my text files\college work\directx\chapter14\source\library\debug\library.tlog\cl.read.1.tlog
c:\users\jace\documents\my text files\college work\directx\chapter14\source\library\debug\library.tlog\cl.write.1.tlog
c:\users\jace\documents\my text files\college work\directx\chapter14\source\library\debug\library.tlog\fxc.command.1.tlog
c:\users\jace\documents\my text files\college work\directx\chapter14\source\library\debug\library.tlog\fxc.read.1.tlog
c:\users\jace\documents\my text files\college work\directx\chapter14\source\library\debug\library.tlog\fxc.write.1.tlog
c:\users\jace\documents\my text files\college work\directx\chapter14\source\library\debug\library.tlog\lib-link.read.1.tlog
c:\users\jace\documents\my text files\college work\directx\chapter14\source\library\debug\library.tlog\lib-link.write.1.tlog
c:\users\jace\documents\my text files\college work\directx\chapter14\source\library\debug\library.tlog\lib.command.1.tlog
c:\users\jace\documents\my text files\college work\directx\chapter14\source\library\debug\library.tlog\library.write.1u.tlog
